<?xml version="1.0" encoding="UTF-8"?>
<!-- Generated by org.testng.reporters.JUnitXMLReporter -->
<testsuite ignored="0" hostname="DESKTOP-F50PJC7" failures="0" tests="6" name="Test" time="0.169" errors="0" timestamp="2025-07-20T00:46:31 IST">
  <testcase classname="com.testng.group1" name="test1" time="0.018"/>
  <testcase classname="com.testng.group1" name="test2" time="0.008"/>
  <testcase classname="com.testng.group1" name="test3" time="0.005"/>
  <testcase classname="com.testng.group2" name="test4" time="0.003"/>
  <testcase classname="com.testng.group2" name="test5" time="0.007"/>
  <testcase classname="com.testng.group2" name="test6" time="0.003"/>
</testsuite> <!-- Test -->
