<?xml version="1.0" encoding="UTF-8"?>
<!-- Generated by org.testng.reporters.JUnitXMLReporter -->
<testsuite ignored="0" hostname="DESKTOP-F50PJC7" failures="0" tests="6" name="Test" time="0.22" errors="0" timestamp="2025-07-20T20:27:28 IST">
  <testcase classname="com.testng.group1" name="test1" time="0.019"/>
  <testcase classname="com.testng.group1" name="test2" time="0.004"/>
  <testcase classname="com.testng.group1" name="test3" time="0.007"/>
  <testcase classname="com.testng.group2" name="test4" time="0.011"/>
  <testcase classname="com.testng.group2" name="test5" time="0.027"/>
  <testcase classname="com.testng.group2" name="test6" time="0.006"/>
</testsuite> <!-- Test -->
