<?xml version="1.0" encoding="UTF-8"?>
<testng-results ignored="0" total="6" passed="6" failed="0" skipped="0">
  <reporter-output>
  </reporter-output>
  <suite started-at="2025-07-20T20:27:28 IST" name="Suite" finished-at="2025-07-20T20:27:28 IST" duration-ms="220">
    <groups>
      <group name="reg">
        <method signature="group1.test2()[pri:0, instance:com.testng.group1@38425407]" name="test2" class="com.testng.group1"/>
        <method signature="group1.test3()[pri:0, instance:com.testng.group1@38425407]" name="test3" class="com.testng.group1"/>
        <method signature="group2.test5()[pri:0, instance:com.testng.group2@4c402120]" name="test5" class="com.testng.group2"/>
        <method signature="group2.test6()[pri:0, instance:com.testng.group2@4c402120]" name="test6" class="com.testng.group2"/>
      </group> <!-- reg -->
      <group name="smoke">
        <method signature="group1.test3()[pri:0, instance:com.testng.group1@38425407]" name="test3" class="com.testng.group1"/>
        <method signature="group2.test6()[pri:0, instance:com.testng.group2@4c402120]" name="test6" class="com.testng.group2"/>
      </group> <!-- smoke -->
      <group name="sanity">
        <method signature="group1.test2()[pri:0, instance:com.testng.group1@38425407]" name="test2" class="com.testng.group1"/>
        <method signature="group2.test4()[pri:0, instance:com.testng.group2@4c402120]" name="test4" class="com.testng.group2"/>
        <method signature="group2.test5()[pri:0, instance:com.testng.group2@4c402120]" name="test5" class="com.testng.group2"/>
      </group> <!-- sanity -->
    </groups>
    <test started-at="2025-07-20T20:27:28 IST" name="Test" finished-at="2025-07-20T20:27:28 IST" duration-ms="220">
      <class name="com.testng.group1">
        <test-method signature="test1()[pri:0, instance:com.testng.group1@38425407]" started-at="2025-07-20T20:27:28 IST" name="test1" finished-at="2025-07-20T20:27:28 IST" duration-ms="19" status="PASS">
          <reporter-output>
          </reporter-output>
        </test-method> <!-- test1 -->
        <test-method signature="test2()[pri:0, instance:com.testng.group1@38425407]" started-at="2025-07-20T20:27:28 IST" name="test2" finished-at="2025-07-20T20:27:28 IST" duration-ms="4" status="PASS">
          <reporter-output>
          </reporter-output>
        </test-method> <!-- test2 -->
        <test-method signature="test3()[pri:0, instance:com.testng.group1@38425407]" started-at="2025-07-20T20:27:28 IST" name="test3" finished-at="2025-07-20T20:27:28 IST" duration-ms="7" status="PASS">
          <reporter-output>
          </reporter-output>
        </test-method> <!-- test3 -->
      </class> <!-- com.testng.group1 -->
      <class name="com.testng.group2">
        <test-method signature="test4()[pri:0, instance:com.testng.group2@4c402120]" started-at="2025-07-20T20:27:28 IST" name="test4" finished-at="2025-07-20T20:27:28 IST" duration-ms="11" status="PASS">
          <reporter-output>
          </reporter-output>
        </test-method> <!-- test4 -->
        <test-method signature="test5()[pri:0, instance:com.testng.group2@4c402120]" started-at="2025-07-20T20:27:28 IST" name="test5" finished-at="2025-07-20T20:27:28 IST" duration-ms="27" status="PASS">
          <reporter-output>
          </reporter-output>
        </test-method> <!-- test5 -->
        <test-method signature="test6()[pri:0, instance:com.testng.group2@4c402120]" started-at="2025-07-20T20:27:28 IST" name="test6" finished-at="2025-07-20T20:27:28 IST" duration-ms="6" status="PASS">
          <reporter-output>
          </reporter-output>
        </test-method> <!-- test6 -->
      </class> <!-- com.testng.group2 -->
    </test> <!-- Test -->
  </suite> <!-- Suite -->
</testng-results>
